<?xml version="1.0" encoding="UTF-8"?>
<robot generator="Robot 7.4.2 (Python 3.12.3 on linux)" generated="2026-03-04T16:20:43.625100" rpa="false" schemaversion="5">
<suite id="s1" name="Tests" source="/home/klaus/work/moducop-core-api-server/mocks/tests">
<suite id="s1-s1" name="Mocks" source="/home/klaus/work/moducop-core-api-server/mocks/tests/mocks.robot">
<kw name="Setup Environment" type="SETUP">
<kw name="Get Environment Variable" owner="OperatingSystem">
<msg time="2026-03-04T16:20:43.653524" level="INFO">${path} = /home/klaus/work/moducop-core-api-server/venv/bin:/home/klaus/.nix-profile/bin:/nix/var/nix/profiles/default/bin:/home/klaus/.vscode-server/data/User/globalStorage/github.copilot-chat/debugCommand:/ho...</msg>
<var>${path}</var>
<arg>PATH</arg>
<doc>Returns the value of an environment variable with the given name.</doc>
<status status="PASS" start="2026-03-04T16:20:43.653359" elapsed="0.000200"/>
</kw>
<kw name="Set Variable" owner="BuiltIn">
<msg time="2026-03-04T16:20:43.653920" level="INFO">${newpath} = /home/klaus/work/moducop-core-api-server/mocks/bin:/home/klaus/work/moducop-core-api-server/venv/bin:/home/klaus/.nix-profile/bin:/nix/var/nix/profiles/default/bin:/home/klaus/.vscode-server/data/User...</msg>
<var>${newpath}</var>
<arg>${EXECDIR}/bin:${path}</arg>
<doc>Returns the given values which can then be assigned to a variables.</doc>
<status status="PASS" start="2026-03-04T16:20:43.653662" elapsed="0.000280"/>
</kw>
<kw name="Set Environment Variable" owner="OperatingSystem">
<msg time="2026-03-04T16:20:43.654135" level="INFO">Environment variable 'PATH' set to value '/home/klaus/work/moducop-core-api-server/mocks/bin:/home/klaus/work/moducop-core-api-server/venv/bin:/home/klaus/.nix-profile/bin:/nix/var/nix/profiles/default/bin:/home/klaus/.vscode-server/data/User/globalStorage/github.copilot-chat/debugCommand:/home/klaus/.vscode-server/data/User/globalStorage/github.copilot-chat/copilotCli:/home/klaus/.vscode-server/bin/072586267e68ece9a47aa43f8c108e0dcbf44622/bin/remote-cli:/home/klaus/.nix-profile/bin:/nix/var/nix/profiles/default/bin:/usr/local/sbin:/usr/local/bin:/usr/sbin:/usr/bin:/sbin:/bin:/usr/games:/usr/local/games:/usr/lib/wsl/lib:/mnt/c/WINDOWS/system32:/mnt/c/WINDOWS:/mnt/c/WINDOWS/System32/Wbem:/mnt/c/WINDOWS/System32/WindowsPowerShell/v1.0/:/mnt/c/WINDOWS/System32/OpenSSH/:/mnt/c/Program Files/dotnet/:/mnt/c/Program Files/Git/cmd:/mnt/c/Program Files/WireGuard/:/mnt/c/Program Files/Tailscale/:/mnt/c/Program Files/GitHub CLI/:/mnt/c/Program Files (x86)/Windows Kits/10/Windows Performance Toolkit/:/mnt/c/Program Files/nodejs/:/Docker/host/bin:/mnt/c/Program Files/PuTTY/:/mnt/c/Users/KlausPopp/AppData/Local/Microsoft/WindowsApps:/mnt/c/Users/KlausPopp/AppData/Local/Programs/Microsoft VS Code/bin:/mnt/c/work/flutter/flutter/bin:/mnt/c/Users/KlausPopp/AppData/Roaming/npm:/mnt/c/Program Files/heroku/bin:/mnt/c/Program Files (x86)/Nmap:/usr/local/go/bin:/home/klaus/.local/bin:/home/klaus/go/bin:/home/klaus/bin:/home/klaus/.vscode-server/extensions/ms-python.debugpy-2025.18.0/bundled/scripts/noConfigScripts:/usr/local/go/bin:/home/klaus/.local/bin:/home/klaus/go/bin:/home/klaus/bin:/home/klaus/.vscode-server/extensions/d-biehl.robotcode-2.2.0/bundled/scripts'.</msg>
<arg>PATH</arg>
<arg>${newpath}</arg>
<doc>Sets an environment variable to a specified value.</doc>
<status status="PASS" start="2026-03-04T16:20:43.654016" elapsed="0.000152"/>
</kw>
<kw name="Remove Directory" owner="OperatingSystem">
<msg time="2026-03-04T16:20:43.654904" level="INFO" html="true">Removed directory '&lt;a href="file:///home/klaus/work/moducop-core-api-server/mocks/tests/mock-mender-state"&gt;/home/klaus/work/moducop-core-api-server/mocks/tests/mock-mender-state&lt;/a&gt;'.</msg>
<arg>${STATE_DIR}</arg>
<arg>recursive=True</arg>
<doc>Removes the directory pointed to by the given ``path``.</doc>
<status status="PASS" start="2026-03-04T16:20:43.654226" elapsed="0.000731"/>
</kw>
<kw name="Set Environment Variable" owner="OperatingSystem">
<msg time="2026-03-04T16:20:43.655143" level="INFO">Environment variable 'MOCK_MENDER_STATE_DIR' set to value '/home/klaus/work/moducop-core-api-server/mocks/tests/mock-mender-state'.</msg>
<arg>MOCK_MENDER_STATE_DIR</arg>
<arg>${STATE_DIR}</arg>
<doc>Sets an environment variable to a specified value.</doc>
<status status="PASS" start="2026-03-04T16:20:43.655032" elapsed="0.000147"/>
</kw>
<status status="PASS" start="2026-03-04T16:20:43.652921" elapsed="0.002307"/>
</kw>
<test id="s1-s1-t1" name="Application Error Inject After Stop Old Containers" line="84">
<kw name="Run Process" owner="Process">
<msg time="2026-03-04T16:20:43.655742" level="INFO">Starting process:
mender-update err-inject after-stop-old-containers</msg>
<msg time="2026-03-04T16:20:43.656434" level="INFO">Waiting for process to complete.</msg>
<msg time="2026-03-04T16:20:43.660578" level="INFO">Process completed.</msg>
<msg time="2026-03-04T16:20:43.660736" level="INFO">${result} = &lt;result object with rc 0&gt;</msg>
<var>${result}</var>
<arg>mender-update</arg>
<arg>err-inject</arg>
<arg>after-stop-old-containers</arg>
<doc>Runs a process and waits for it to complete.</doc>
<status status="PASS" start="2026-03-04T16:20:43.655549" elapsed="0.005211"/>
</kw>
<kw name="Should Be Equal As Integers" owner="BuiltIn">
<msg time="2026-03-04T16:20:43.661454" level="INFO">Argument types are:
&lt;class 'int'&gt;
&lt;class 'str'&gt;</msg>
<arg>${result.rc}</arg>
<arg>0</arg>
<doc>Fails if objects are unequal after converting them to integers.</doc>
<status status="PASS" start="2026-03-04T16:20:43.660977" elapsed="0.000521"/>
</kw>
<kw name="Run Process" owner="Process">
<msg time="2026-03-04T16:20:43.661919" level="INFO">Starting process:
mender-update install /home/klaus/work/moducop-core-api-server/mocks/tests/assets/app-nginx-demo-moducop-cpu01-linux_arm64-8f249b9.mender</msg>
<msg time="2026-03-04T16:20:43.662393" level="INFO">Waiting for process to complete.</msg>
<msg time="2026-03-04T16:20:43.665206" level="INFO">Process completed.</msg>
<msg time="2026-03-04T16:20:43.665304" level="INFO">${result} = &lt;result object with rc 1&gt;</msg>
<var>${result}</var>
<arg>mender-update</arg>
<arg>install</arg>
<arg>${ASSET_DIR}/app-nginx-demo-moducop-cpu01-linux_arm64-8f249b9.mender</arg>
<doc>Runs a process and waits for it to complete.</doc>
<status status="PASS" start="2026-03-04T16:20:43.661695" elapsed="0.003626"/>
</kw>
<kw name="Log To Console" owner="BuiltIn">
<arg>${result.stderr}</arg>
<doc>Logs the given message to the console.</doc>
<status status="PASS" start="2026-03-04T16:20:43.665476" elapsed="0.000437"/>
</kw>
<kw name="Log To Console" owner="BuiltIn">
<arg>${result.stdout}</arg>
<doc>Logs the given message to the console.</doc>
<status status="PASS" start="2026-03-04T16:20:43.666016" elapsed="0.000377"/>
</kw>
<status status="PASS" start="2026-03-04T16:20:43.655274" elapsed="0.011229"/>
</test>
<kw name="Clear Environment" type="TEARDOWN">
<kw name="Run Process" owner="Process">
<msg time="2026-03-04T16:20:43.667243" level="INFO">Starting process:
mender-update err-inject ""</msg>
<msg time="2026-03-04T16:20:43.667692" level="INFO">Waiting for process to complete.</msg>
<msg time="2026-03-04T16:20:43.671179" level="INFO">Process completed.</msg>
<msg time="2026-03-04T16:20:43.671321" level="INFO">${result} = &lt;result object with rc 0&gt;</msg>
<var>${result}</var>
<arg>mender-update</arg>
<arg>err-inject</arg>
<arg>\</arg>
<doc>Runs a process and waits for it to complete.</doc>
<status status="PASS" start="2026-03-04T16:20:43.667042" elapsed="0.004298"/>
</kw>
<kw name="Log To Console" owner="BuiltIn">
<arg>${result.stderr}</arg>
<doc>Logs the given message to the console.</doc>
<status status="PASS" start="2026-03-04T16:20:43.671464" elapsed="0.000488"/>
</kw>
<kw name="Log To Console" owner="BuiltIn">
<arg>${result.stdout}</arg>
<doc>Logs the given message to the console.</doc>
<status status="PASS" start="2026-03-04T16:20:43.672049" elapsed="0.000404"/>
</kw>
<status status="PASS" start="2026-03-04T16:20:43.666914" elapsed="0.005604"/>
</kw>
<status status="PASS" start="2026-03-04T16:20:43.644441" elapsed="0.028102"/>
</suite>
<status status="PASS" start="2026-03-04T16:20:43.625909" elapsed="0.047162"/>
</suite>
<statistics>
<total>
<stat pass="1" fail="0" skip="0">All Tests</stat>
</total>
<tag>
</tag>
<suite>
<stat name="Tests" id="s1" pass="1" fail="0" skip="0">Tests</stat>
<stat name="Mocks" id="s1-s1" pass="1" fail="0" skip="0">Tests.Mocks</stat>
</suite>
</statistics>
<errors>
</errors>
</robot>
